2026-01-14 23:55:40,075 - INFO - ✅ Подключение к PostgreSQL успешно
2026-01-14 23:55:40,086 - INFO - 📊 Найдено товаров с изображениями: 20
2026-01-14 23:55:56,732 - INFO - 🚀 Начинаю загрузку 20 изображений (3 потоков)
2026-01-14 23:56:00,969 - ERROR - ❌ 181: Ошибка загрузки: 404 Client Error: Not Found for url: https://hello54.ru/upload/resize_cache/iblock/696/mu5ecz03tbhtlqdqcifj1c9szumzkee4/530_530_1/101182_1.jpg
2026-01-14 23:56:00,974 - WARNING - ⚠️ Не удалось загрузить 181: Ошибка сети: 404 Client Error: Not Found for url: https://hello54.ru/upload/resize_cache/iblock/696/mu5ecz03tbhtlqdqcifj1c9szumzkee4/530_530_1/101182_1.jpg
2026-01-14 23:56:01,211 - ERROR - ❌ 184: Ошибка загрузки: 404 Client Error: Not Found for url: https://hello54.ru/upload/resize_cache/iblock/3ad/3r85mpxe43604d3n4zll8wx7bbcgjshn/530_530_1/101191_1.jpg
2026-01-14 23:56:01,214 - WARNING - ⚠️ Не удалось загрузить 184: Ошибка сети: 404 Client Error: Not Found for url: https://hello54.ru/upload/resize_cache/iblock/3ad/3r85mpxe43604d3n4zll8wx7bbcgjshn/530_530_1/101191_1.jpg
2026-01-14 23:56:02,278 - ERROR - ❌ 182: Ошибка загрузки: 404 Client Error: Not Found for url: https://hello54.ru/upload/resize_cache/iblock/9e0/xejqn4esbkk8hzvo8hrony38y210cx3q/530_530_1/101186_1.jpg
2026-01-14 23:56:02,282 - WARNING - ⚠️ Не удалось загрузить 182: Ошибка сети: 404 Client Error: Not Found for url: https://hello54.ru/upload/resize_cache/iblock/9e0/xejqn4esbkk8hzvo8hrony38y210cx3q/530_530_1/101186_1.jpg
2026-01-14 23:56:04,911 - WARNING - ⚠️ Не удалось сохранить информацию о файле: ОШИБКА:  столбец "img_local_path" в таблице "products" не существует
LINE 3:                 SET img_local_path = 'prod_images\upload\res...
                            ^

2026-01-14 23:56:04,912 - INFO - ✅ 180: Сумка ремень Joy Room JR-CY211... → 78808.jpg (113 KB)
2026-01-14 23:56:05,098 - WARNING - ⚠️ Не удалось сохранить информацию о файле: ОШИБКА:  столбец "img_local_path" в таблице "products" не существует
LINE 3:                 SET img_local_path = 'prod_images\upload\res...
                            ^

2026-01-14 23:56:05,100 - INFO - ✅ 179: Сумка ремень Joy Room JR-CY211... → 78807.jpg (113 KB)
2026-01-14 23:56:06,107 - WARNING - ⚠️ Не удалось сохранить информацию о файле: ОШИБКА:  столбец "img_local_path" в таблице "products" не существует
LINE 3:                 SET img_local_path = 'prod_images\upload\res...
                            ^

2026-01-14 23:56:06,108 - INFO - ✅ 159: Картхолдер - SafeMag футляр дл... → 209172.jpg (91 KB)
2026-01-14 23:56:09,779 - WARNING - ⚠️ Не удалось сохранить информацию о файле: ОШИБКА:  столбец "img_local_path" в таблице "products" не существует
LINE 3:                 SET img_local_path = 'prod_images\upload\res...
                            ^

2026-01-14 23:56:09,781 - INFO - ✅ 177: Картхолдер - SafeMag футляр дл... → 236278.jpg (118 KB)
2026-01-14 23:56:10,627 - WARNING - ⚠️ Не удалось сохранить информацию о файле: ОШИБКА:  столбец "img_local_path" в таблице "products" не существует
LINE 3:                 SET img_local_path = 'prod_images\upload\res...
                            ^

2026-01-14 23:56:10,628 - INFO - ✅ 178: Сумка ремень Joy Room JR-CY211... → 78806.jpg (113 KB)
2026-01-14 23:56:11,750 - WARNING - ⚠️ Не удалось сохранить информацию о файле: ОШИБКА:  столбец "img_local_path" в таблице "products" не существует
LINE 3:                 SET img_local_path = 'prod_images\upload\res...
                            ^

2026-01-14 23:56:11,751 - INFO - ✅ 176: Картхолдер - SafeMag футляр дл... → 236279.jpg (113 KB)
2026-01-14 23:56:14,635 - WARNING - ⚠️ Не удалось сохранить информацию о файле: ОШИБКА:  столбец "img_local_path" в таблице "products" не существует
LINE 3:                 SET img_local_path = 'prod_images\upload\res...
                            ^

2026-01-14 23:56:14,637 - INFO - ✅ 173: Картхолдер - SafeMag футляр дл... → 236273.jpg (100 KB)
2026-01-14 23:56:19,645 - WARNING - ⚠️ Не удалось сохранить информацию о файле: ОШИБКА:  столбец "img_local_path" в таблице "products" не существует
LINE 3:                 SET img_local_path = 'prod_images\upload\res...
                            ^

2026-01-14 23:56:19,646 - INFO - ✅ 174: Картхолдер - SafeMag футляр дл... → 236272.jpg (90 KB)
2026-01-14 23:56:20,345 - WARNING - ⚠️ Не удалось сохранить информацию о файле: ОШИБКА:  столбец "img_local_path" в таблице "products" не существует
LINE 3:                 SET img_local_path = 'prod_images\upload\res...
                            ^

2026-01-14 23:56:20,346 - INFO - ✅ 175: Картхолдер - SafeMag футляр дл... → 236274.jpg (118 KB)
2026-01-14 23:56:20,506 - WARNING - ⚠️ Не удалось сохранить информацию о файле: ОШИБКА:  столбец "img_local_path" в таблице "products" не существует
LINE 3:                 SET img_local_path = 'prod_images\upload\res...
                            ^

2026-01-14 23:56:20,508 - INFO - ✅ 172: Картхолдер - SafeMag футляр дл... → 236275.jpg (92 KB)
2026-01-14 23:56:22,498 - WARNING - ⚠️ Не удалось сохранить информацию о файле: ОШИБКА:  столбец "img_local_path" в таблице "products" не существует
LINE 3:                 SET img_local_path = 'prod_images\upload\res...
                            ^

2026-01-14 23:56:22,499 - INFO - ✅ 171: Картхолдер - SafeMag футляр дл... → 236276.jpg (106 KB)
2026-01-14 23:56:23,987 - WARNING - ⚠️ Не удалось сохранить информацию о файле: ОШИБКА:  столбец "img_local_path" в таблице "products" не существует
LINE 3:                 SET img_local_path = 'prod_images\upload\res...
                            ^

2026-01-14 23:56:23,989 - INFO - ✅ 169: Картхолдер - SafeMag футляр дл... → 236277.jpg (124 KB)
2026-01-14 23:56:24,387 - WARNING - ⚠️ Не удалось сохранить информацию о файле: ОШИБКА:  столбец "img_local_path" в таблице "products" не существует
LINE 3:                 SET img_local_path = 'prod_images\upload\res...
                            ^

2026-01-14 23:56:24,388 - INFO - ✅ 168: Картхолдер - SafeMag футляр дл... → 236281.jpg (109 KB)
2026-01-14 23:56:25,600 - WARNING - ⚠️ Не удалось сохранить информацию о файле: ОШИБКА:  столбец "img_local_path" в таблице "products" не существует
LINE 3:                 SET img_local_path = 'prod_images\upload\res...
                            ^

2026-01-14 23:56:25,601 - INFO - ✅ 167: Картхолдер - SafeMag футляр дл... → 236280.jpg (105 KB)
2026-01-14 23:56:26,502 - WARNING - ⚠️ Не удалось сохранить информацию о файле: ОШИБКА:  столбец "img_local_path" в таблице "products" не существует
LINE 3:                 SET img_local_path = 'prod_images\upload\res...
                            ^

2026-01-14 23:56:26,503 - INFO - ✅ 166: Картхолдер - SafeMag футляр дл... → 236282.jpg (115 KB)
2026-01-14 23:56:27,428 - WARNING - ⚠️ Не удалось сохранить информацию о файле: ОШИБКА:  столбец "img_local_path" в таблице "products" не существует
LINE 3:                 SET img_local_path = 'prod_images\upload\res...
                            ^

2026-01-14 23:56:27,429 - INFO - ✅ 165: Картхолдер - SafeMag футляр дл... → 222669.jpg (91 KB)
2026-01-14 23:56:28,717 - WARNING - ⚠️ Не удалось сохранить информацию о файле: ОШИБКА:  столбец "img_local_path" в таблице "products" не существует
LINE 3:                 SET img_local_path = 'prod_images\upload\res...
                            ^

2026-01-14 23:56:28,719 - INFO - ✅ 170: Картхолдер - SafeMag футляр дл... → 236283.jpg (117 KB)
2026-01-14 23:56:29,234 - INFO - ✅ Удалено пустых директорий: 9
2026-01-14 23:56:29,235 - INFO - 🔌 Соединение с PostgreSQL закрыто
2026-01-15 00:06:13,158 - INFO - ✅ Подключение к PostgreSQL успешно
2026-01-15 00:06:13,200 - INFO - ✅ Добавлена колонка: img_local_path
2026-01-15 00:06:13,201 - INFO - ✅ Добавлена колонка: img_file_size
2026-01-15 00:06:13,201 - INFO - ✅ Добавлена колонка: img_downloaded_at
2026-01-15 00:06:13,202 - INFO - ✅ Добавлено 3 новых колонок в таблицу products
2026-01-15 00:06:13,205 - INFO - 📊 Найдено товаров с незагруженными изображениями: 20
2026-01-15 00:06:20,144 - INFO - 🚀 Начинаю загрузку 20 изображений (3 потоков)
2026-01-15 00:06:21,324 - ERROR - ❌ 182: Ошибка загрузки: 404 Client Error: Not Found for url: https://hello54.ru/upload/resize_cache/iblock/9e0/xejqn4esbkk8hzvo8hrony38y210cx3q/530_530_1/101186_1.jpg
2026-01-15 00:06:21,328 - WARNING - ⚠️ Не удалось загрузить 182: Ошибка сети: 404 Client Error: Not Found for url: https://hello54.ru/upload/resize_cache/iblock/9e0/xejqn4esbkk8hzvo8hrony38y210cx3q/530_530_1/101186_1.jpg
2026-01-15 00:06:23,997 - ERROR - ❌ 181: Ошибка загрузки: 404 Client Error: Not Found for url: https://hello54.ru/upload/resize_cache/iblock/696/mu5ecz03tbhtlqdqcifj1c9szumzkee4/530_530_1/101182_1.jpg
2026-01-15 00:06:24,000 - WARNING - ⚠️ Не удалось загрузить 181: Ошибка сети: 404 Client Error: Not Found for url: https://hello54.ru/upload/resize_cache/iblock/696/mu5ecz03tbhtlqdqcifj1c9szumzkee4/530_530_1/101182_1.jpg
2026-01-15 00:06:24,415 - INFO - ✅ 180: Сумка ремень Joy Room JR-CY211... → 78808.jpg (113 KB)
2026-01-15 00:06:24,646 - ERROR - ❌ 184: Ошибка загрузки: 404 Client Error: Not Found for url: https://hello54.ru/upload/resize_cache/iblock/3ad/3r85mpxe43604d3n4zll8wx7bbcgjshn/530_530_1/101191_1.jpg
2026-01-15 00:06:24,650 - WARNING - ⚠️ Не удалось загрузить 184: Ошибка сети: 404 Client Error: Not Found for url: https://hello54.ru/upload/resize_cache/iblock/3ad/3r85mpxe43604d3n4zll8wx7bbcgjshn/530_530_1/101191_1.jpg
2026-01-15 00:06:25,867 - INFO - ✅ 159: Картхолдер - SafeMag футляр дл... → 209172.jpg (91 KB)
2026-01-15 00:06:28,919 - INFO - ✅ 179: Сумка ремень Joy Room JR-CY211... → 78807.jpg (113 KB)
2026-01-15 00:06:29,666 - INFO - ✅ 177: Картхолдер - SafeMag футляр дл... → 236278.jpg (118 KB)
2026-01-15 00:06:30,127 - INFO - ✅ 178: Сумка ремень Joy Room JR-CY211... → 78806.jpg (113 KB)
2026-01-15 00:06:31,923 - INFO - ✅ 176: Картхолдер - SafeMag футляр дл... → 236279.jpg (113 KB)
2026-01-15 00:06:32,547 - INFO - ✅ 175: Картхолдер - SafeMag футляр дл... → 236274.jpg (118 KB)
2026-01-15 00:06:32,603 - INFO - ✅ 174: Картхолдер - SafeMag футляр дл... → 236272.jpg (90 KB)
2026-01-15 00:06:35,373 - INFO - ✅ 173: Картхолдер - SafeMag футляр дл... → 236273.jpg (100 KB)
2026-01-15 00:06:35,531 - INFO - ✅ 171: Картхолдер - SafeMag футляр дл... → 236276.jpg (106 KB)
2026-01-15 00:06:37,580 - INFO - ✅ 172: Картхолдер - SafeMag футляр дл... → 236275.jpg (92 KB)
2026-01-15 00:06:38,384 - INFO - ✅ 170: Картхолдер - SafeMag футляр дл... → 236283.jpg (117 KB)
2026-01-15 00:06:39,186 - INFO - ✅ 169: Картхолдер - SafeMag футляр дл... → 236277.jpg (124 KB)
2026-01-15 00:06:41,515 - INFO - ✅ 168: Картхолдер - SafeMag футляр дл... → 236281.jpg (109 KB)
2026-01-15 00:06:47,739 - INFO - ✅ 165: Картхолдер - SafeMag футляр дл... → 222669.jpg (91 KB)
2026-01-15 00:06:52,283 - INFO - ✅ 167: Картхолдер - SafeMag футляр дл... → 236280.jpg (105 KB)
2026-01-15 00:07:10,899 - ERROR - ❌ 166: Ошибка загрузки: HTTPSConnectionPool(host='hello54.ru', port=443): Read timed out.
2026-01-15 00:07:10,900 - WARNING - ⚠️ Не удалось загрузить 166: Ошибка сети: HTTPSConnectionPool(host='hello54.ru', port=443): Read timed out.
2026-01-15 00:07:10,916 - INFO - ✅ Удалено пустых директорий: 9
2026-01-15 00:07:10,916 - INFO - 🔌 Соединение с PostgreSQL закрыто
