2025-12-18 23:09:07,120 - src.database - ERROR - ❌ Ошибка подключения к PostgreSQL: 'utf-8' codec can't decode byte 0xc2 in position 61: invalid continuation byte
2025-12-18 23:09:07,120 - src.crawler - INFO - 🚀 Начинаю парсинг категории: https://hello54.ru/catalog/chekhly-dlya-smartfonov/
2025-12-18 23:09:07,122 - src.database - ERROR - ❌ Ошибка сохранения категории https://hello54.ru/catalog/chekhly-dlya-smartfonov/: 'NoneType' object has no attribute 'cursor'
2025-12-18 23:18:52,122 - src.database - INFO - ✅ Подключение к PostgreSQL успешно
2025-12-18 23:18:52,251 - src.database - INFO - ✅ Таблицы созданы/проверены
2025-12-18 23:18:52,252 - src.crawler - INFO - 🚀 Начинаю парсинг категории: https://hello54.ru/catalog/chekhly-dlya-smartfonov/
2025-12-18 23:18:52,264 - src.crawler - INFO - 📄 Страница 1: https://hello54.ru/catalog/chekhly-dlya-smartfonov/
2025-12-18 23:18:56,886 - src.crawler - INFO -    Найдено товаров на странице: 96
2025-12-18 23:18:56,938 - src.database - INFO - ✅ Добавлено 96 новых товаров из 96
2025-12-18 23:18:57,457 - src.crawler - INFO - 📊 Всего страниц в категории: 510
2025-12-18 23:18:58,956 - src.crawler - INFO - 📄 Страница 2: https://hello54.ru/catalog/chekhly-dlya-smartfonov/?PAGEN_1=2
2025-12-18 23:19:02,348 - src.crawler - INFO -    Найдено товаров на странице: 107
2025-12-18 23:19:02,380 - src.database - INFO - ✅ Добавлено 62 новых товаров из 107
2025-12-18 23:19:03,906 - src.crawler - INFO - 📄 Страница 3: https://hello54.ru/catalog/chekhly-dlya-smartfonov/?PAGEN_1=3
2025-12-18 23:19:05,025 - src.crawler - INFO -    Найдено товаров на странице: 81
2025-12-18 23:19:05,048 - src.database - INFO - ✅ Добавлено 36 новых товаров из 81
2025-12-18 23:19:06,441 - src.crawler - INFO - 📄 Страница 4: https://hello54.ru/catalog/chekhly-dlya-smartfonov/?PAGEN_1=4
2025-12-18 23:19:07,449 - src.crawler - INFO -    Найдено товаров на странице: 82
2025-12-18 23:19:07,472 - src.database - INFO - ✅ Добавлено 37 новых товаров из 82
2025-12-18 23:19:08,865 - src.crawler - INFO - 📄 Страница 5: https://hello54.ru/catalog/chekhly-dlya-smartfonov/?PAGEN_1=5
2025-12-18 23:19:09,895 - src.crawler - INFO -    Найдено товаров на странице: 88
2025-12-18 23:19:09,920 - src.database - INFO - ✅ Добавлено 43 новых товаров из 88
2025-12-18 23:19:11,300 - src.crawler - INFO - 📄 Страница 6: https://hello54.ru/catalog/chekhly-dlya-smartfonov/?PAGEN_1=6
2025-12-18 23:19:13,902 - src.crawler - INFO -    Найдено товаров на странице: 115
2025-12-18 23:19:13,936 - src.database - INFO - ✅ Добавлено 66 новых товаров из 115
2025-12-18 23:19:15,417 - src.crawler - INFO - 📄 Страница 7: https://hello54.ru/catalog/chekhly-dlya-smartfonov/?PAGEN_1=7
2025-12-18 23:19:16,580 - src.crawler - INFO -    Найдено товаров на странице: 84
2025-12-18 23:19:16,603 - src.database - INFO - ✅ Добавлено 39 новых товаров из 84
2025-12-18 23:19:18,028 - src.crawler - INFO - 📄 Страница 8: https://hello54.ru/catalog/chekhly-dlya-smartfonov/?PAGEN_1=8
2025-12-18 23:19:20,515 - src.crawler - INFO -    Найдено товаров на странице: 101
2025-12-18 23:19:20,545 - src.database - INFO - ✅ Добавлено 53 новых товаров из 101
2025-12-18 23:19:21,956 - src.crawler - INFO - 📄 Страница 9: https://hello54.ru/catalog/chekhly-dlya-smartfonov/?PAGEN_1=9
2025-12-18 23:19:25,498 - src.crawler - INFO -    Найдено товаров на странице: 109
2025-12-18 23:19:25,530 - src.database - INFO - ✅ Добавлено 59 новых товаров из 109
2025-12-18 23:19:27,073 - src.crawler - INFO - 📄 Страница 10: https://hello54.ru/catalog/chekhly-dlya-smartfonov/?PAGEN_1=10
2025-12-18 23:19:29,841 - src.crawler - INFO -    Найдено товаров на странице: 114
2025-12-18 23:19:29,874 - src.database - INFO - ✅ Добавлено 64 новых товаров из 114
2025-12-18 23:19:31,415 - src.crawler - INFO - 📄 Страница 11: https://hello54.ru/catalog/chekhly-dlya-smartfonov/?PAGEN_1=11
2025-12-18 23:19:34,483 - src.crawler - INFO -    Найдено товаров на странице: 95
2025-12-18 23:19:34,510 - src.database - INFO - ✅ Добавлено 45 новых товаров из 95
2025-12-18 23:19:36,032 - src.crawler - INFO - 📄 Страница 12: https://hello54.ru/catalog/chekhly-dlya-smartfonov/?PAGEN_1=12
2025-12-18 23:19:39,103 - src.crawler - INFO -    Найдено товаров на странице: 95
2025-12-18 23:19:39,139 - src.database - INFO - ✅ Добавлено 45 новых товаров из 95
2025-12-18 23:19:40,605 - src.crawler - INFO - 📄 Страница 13: https://hello54.ru/catalog/chekhly-dlya-smartfonov/?PAGEN_1=13
2025-12-18 23:19:43,846 - src.crawler - INFO -    Найдено товаров на странице: 103
2025-12-18 23:19:44,211 - src.database - INFO - ✅ Добавлено 53 новых товаров из 103
2025-12-18 23:19:45,723 - src.crawler - INFO - 📄 Страница 14: https://hello54.ru/catalog/chekhly-dlya-smartfonov/?PAGEN_1=14
2025-12-18 23:19:48,687 - src.crawler - INFO -    Найдено товаров на странице: 90
2025-12-18 23:19:48,713 - src.database - INFO - ✅ Добавлено 40 новых товаров из 90
2025-12-18 23:19:50,196 - src.crawler - INFO - 📄 Страница 15: https://hello54.ru/catalog/chekhly-dlya-smartfonov/?PAGEN_1=15
2025-12-18 23:42:51,180 - src.database - INFO - ✅ Подключение к PostgreSQL успешно
2025-12-18 23:42:51,185 - src.database - INFO - ✅ Таблицы созданы/проверены
2025-12-18 23:42:51,186 - src.crawler - INFO - 🚀 Начинаю парсинг категории: https://hello54.ru/catalog/chekhly-dlya-smartfonov/
2025-12-18 23:42:51,186 - src.crawler - INFO - ⚙️  Ограничение: максимум 5 страниц
2025-12-18 23:42:51,189 - src.crawler - INFO - 📄 Страница 1/5: https://hello54.ru/catalog/chekhly-dlya-smartfonov/
2025-12-18 23:43:06,699 - src.crawler - ERROR - Ошибка загрузки https://hello54.ru/catalog/chekhly-dlya-smartfonov/: HTTPSConnectionPool(host='hello54.ru', port=443): Read timed out. (read timeout=15)
2025-12-18 23:43:06,699 - src.crawler - WARNING - ⚠️ Не удалось загрузить страницу 1
2025-12-18 23:43:06,706 - src.crawler - INFO - ✅ Завершено! Найдено 0 уникальных товаров
2025-12-18 23:43:06,707 - src.crawler - INFO -    Потрачено: 15.5 сек, 0.0 товаров/сек
2025-12-18 23:43:33,208 - src.database - INFO - ✅ Подключение к PostgreSQL успешно
2025-12-18 23:43:33,211 - src.database - INFO - ✅ Таблицы созданы/проверены
2025-12-18 23:43:33,212 - src.crawler - INFO - 🚀 Начинаю парсинг категории: https://hello54.ru/catalog/chekhly-dlya-smartfonov/
2025-12-18 23:43:33,212 - src.crawler - INFO - ⚙️  Ограничение: максимум 5 страниц
2025-12-18 23:43:33,214 - src.crawler - INFO - 📄 Страница 1/5: https://hello54.ru/catalog/chekhly-dlya-smartfonov/
2025-12-18 23:43:34,475 - src.crawler - INFO -    Найдено товаров: 96
2025-12-18 23:43:35,987 - src.crawler - INFO - 📄 Страница 2/5: https://hello54.ru/catalog/chekhly-dlya-smartfonov/?PAGEN_1=2
2025-12-18 23:43:36,847 - src.crawler - INFO -    Найдено товаров: 107
2025-12-18 23:43:38,421 - src.crawler - INFO - 📄 Страница 3/5: https://hello54.ru/catalog/chekhly-dlya-smartfonov/?PAGEN_1=3
2025-12-18 23:43:39,102 - src.crawler - INFO -    Найдено товаров: 81
2025-12-18 23:43:40,529 - src.crawler - INFO - 📄 Страница 4/5: https://hello54.ru/catalog/chekhly-dlya-smartfonov/?PAGEN_1=4
2025-12-18 23:43:41,224 - src.crawler - INFO -    Найдено товаров: 82
2025-12-18 23:43:42,624 - src.crawler - INFO - 📄 Страница 5/5: https://hello54.ru/catalog/chekhly-dlya-smartfonov/?PAGEN_1=5
2025-12-18 23:43:43,327 - src.crawler - INFO -    Найдено товаров: 88
2025-12-18 23:43:43,345 - src.crawler - INFO - 
⏹️  Достигнут лимит в 5 страниц
2025-12-18 23:43:43,347 - src.crawler - INFO - ✅ Завершено! Найдено 274 уникальных товаров
2025-12-18 23:43:43,347 - src.crawler - INFO -    Потрачено: 10.1 сек, 27.0 товаров/сек
